Using pre-set license
Built from '2020.3/release' branch; Version is '2020.3.7f1 (dd97f2c94397) revision 14522354'; Using compiler version '192528614'; Build Type 'Release'
OS: 'Windows 10 Home; OS build 19041.928; Version 2004; 64bit' Language: 'en' Physical Memory: 8164 MB
BatchMode: 1, IsHumanControllingUs: 0, StartBugReporterOnCrash: 0, Is64bit: 1, IsPro: 0

 COMMAND LINE ARGUMENTS:
C:\Program Files\Unity\Hub\Editor\2019.4.19f1\Editor\Unity.exe
-adb2
-batchMode
-noUpm
-name
AssetImportWorker0
-projectPath
C:/Users/Nathan/3D Rogue Slash
-logFile
Logs/AssetImportWorker0.log
-srvPort
61014
Successfully changed project path to: C:/Users/Nathan/3D Rogue Slash
C:/Users/Nathan/3D Rogue Slash
Using Asset Import Pipeline V2.
Refreshing native plugins compatible for Editor in 57.60 ms, found 0 plugins.
Preloading 0 native plugins for Editor in 0.00 ms.
Initialize engine version: 2020.3.7f1 (dd97f2c94397)
[Subsystems] Discovering subsystems at path C:/Program Files/Unity/Hub/Editor/2019.4.19f1/Editor/Data/Resources/UnitySubsystems
[Subsystems] Discovering subsystems at path C:/Users/Nathan/3D Rogue Slash/Assets
GfxDevice: creating device client; threaded=0
Direct3D:
    Version:  Direct3D 11.0 [level 11.1]
    Renderer: NVIDIA GeForce GTX 1060 3GB (ID=0x1c02)
    Vendor:   
    VRAM:     2988 MB
    Driver:   27.21.14.5671
Initialize mono
Mono path[0] = 'C:/Program Files/Unity/Hub/Editor/2019.4.19f1/Editor/Data/Managed'
Mono path[1] = 'C:/Program Files/Unity/Hub/Editor/2019.4.19f1/Editor/Data/MonoBleedingEdge/lib/mono/unityjit'
Mono config path = 'C:/Program Files/Unity/Hub/Editor/2019.4.19f1/Editor/Data/MonoBleedingEdge/etc'
Using monoOptions --debugger-agent=transport=dt_socket,embedding=1,server=y,suspend=n,address=127.0.0.1:56508
Begin MonoManager ReloadAssembly
Registering precompiled unity dll's ...
Register platform support module: C:/Program Files/Unity/Hub/Editor/2019.4.19f1/Editor/Data/PlaybackEngines/WindowsStandaloneSupport/UnityEditor.WindowsStandalone.Extensions.dll
Registered in 0.004327 seconds.
Native extension for WindowsStandalone target not found
Refreshing native plugins compatible for Editor in 54.54 ms, found 0 plugins.
Preloading 0 native plugins for Editor in 0.00 ms.
Mono: successfully reloaded assembly
- Completed reload, in 11.828 seconds
Platform modules already initialized, skipping
Registering precompiled user dll's ...
Registered in 0.001284 seconds.
Begin MonoManager ReloadAssembly
Native extension for WindowsStandalone target not found
Refreshing native plugins compatible for Editor in 0.36 ms, found 0 plugins.
Preloading 0 native plugins for Editor in 0.00 ms.
Mono: successfully reloaded assembly
- Completed reload, in  1.608 seconds
Platform modules already initialized, skipping
========================================================================
Worker process is ready to serve import requests
Launched and connected shader compiler UnityShaderCompiler.exe after 0.08 seconds
Refreshing native plugins compatible for Editor in 0.44 ms, found 0 plugins.
Preloading 0 native plugins for Editor in 0.00 ms.
Unloading 1137 Unused Serialized files (Serialized files now loaded: 0)
System memory in use before: 70.5 MB.
System memory in use after: 70.6 MB.

Unloading 9 unused Assets to reduce memory usage. Loaded Objects now: 1596.
Total: 5.876700 ms (FindLiveObjects: 0.606900 ms CreateObjectMapping: 0.540400 ms MarkObjects: 4.499300 ms  DeleteObjects: 0.227600 ms)

========================================================================
Received Import Request.
  path: Assets/miscMaterials/wall.mat
  artifactKey: Guid(abf15e987753c5d4092caf44c282f19c) Importer(815301076,1909f56bfc062723c751e8b465ee728b)
Start importing Assets/miscMaterials/wall.mat using Guid(abf15e987753c5d4092caf44c282f19c) Importer(815301076,1909f56bfc062723c751e8b465ee728b)  -> (artifact id: '261219b6e314af5c8fd9b521f08f118e') in 0.324625 seconds
  Import took 0.348656 seconds .

========================================================================
Received Import Request.
  Time since last request: 636.532290 seconds.
  path: Assets/Sounds/dagger sound.flac
  artifactKey: Guid(b296a4e6bc086c54ca1df5ee14d4a6da) Importer(815301076,1909f56bfc062723c751e8b465ee728b)
Start importing Assets/Sounds/dagger sound.flac using Guid(b296a4e6bc086c54ca1df5ee14d4a6da) Importer(815301076,1909f56bfc062723c751e8b465ee728b)  -> (artifact id: 'be5513d08b8f7964304024c3769bd398') in 0.340722 seconds
  Import took 0.398114 seconds .

========================================================================
Received Import Request.
  Time since last request: 0.000305 seconds.
  path: Assets/Sounds/death sound.wav
  artifactKey: Guid(e8940cb5d2334134ab8297f3e6c1a9ab) Importer(815301076,1909f56bfc062723c751e8b465ee728b)
Start importing Assets/Sounds/death sound.wav using Guid(e8940cb5d2334134ab8297f3e6c1a9ab) Importer(815301076,1909f56bfc062723c751e8b465ee728b)  -> (artifact id: 'fe7e3ddbae94bda6fe468624f2fc8299') in 0.038184 seconds
  Import took 0.081658 seconds .

========================================================================
Received Prepare
Registering precompiled user dll's ...
Registered in 0.001401 seconds.
Begin MonoManager ReloadAssembly
Native extension for WindowsStandalone target not found
Refreshing native plugins compatible for Editor in 0.41 ms, found 0 plugins.
Preloading 0 native plugins for Editor in 0.00 ms.
Mono: successfully reloaded assembly
- Completed reload, in  1.469 seconds
Platform modules already initialized, skipping
Refreshing native plugins compatible for Editor in 0.38 ms, found 0 plugins.
Preloading 0 native plugins for Editor in 0.00 ms.
Unloading 1132 Unused Serialized files (Serialized files now loaded: 0)
System memory in use before: 74.0 MB.
System memory in use after: 74.1 MB.

Unloading 4 unused Assets to reduce memory usage. Loaded Objects now: 1641.
Total: 2.286300 ms (FindLiveObjects: 0.312700 ms CreateObjectMapping: 0.079000 ms MarkObjects: 1.871200 ms  DeleteObjects: 0.021200 ms)

========================================================================
Received Prepare
Registering precompiled user dll's ...
Registered in 0.001728 seconds.
Begin MonoManager ReloadAssembly
Native extension for WindowsStandalone target not found
Refreshing native plugins compatible for Editor in 0.45 ms, found 0 plugins.
Preloading 0 native plugins for Editor in 0.00 ms.
Mono: successfully reloaded assembly
- Completed reload, in  1.426 seconds
Platform modules already initialized, skipping
Refreshing native plugins compatible for Editor in 0.38 ms, found 0 plugins.
Preloading 0 native plugins for Editor in 0.00 ms.
Unloading 1132 Unused Serialized files (Serialized files now loaded: 0)
System memory in use before: 74.0 MB.
System memory in use after: 74.1 MB.

Unloading 4 unused Assets to reduce memory usage. Loaded Objects now: 1644.
Total: 4.642100 ms (FindLiveObjects: 0.913900 ms CreateObjectMapping: 0.853800 ms MarkObjects: 2.844200 ms  DeleteObjects: 0.027300 ms)

========================================================================
Received Prepare
Registering precompiled user dll's ...
Registered in 0.850739 seconds.
Begin MonoManager ReloadAssembly
Native extension for WindowsStandalone target not found
Refreshing native plugins compatible for Editor in 0.40 ms, found 0 plugins.
Preloading 0 native plugins for Editor in 0.00 ms.
Mono: successfully reloaded assembly
- Completed reload, in  8.322 seconds
Platform modules already initialized, skipping
Refreshing native plugins compatible for Editor in 0.40 ms, found 0 plugins.
Preloading 0 native plugins for Editor in 0.00 ms.
Unloading 1132 Unused Serialized files (Serialized files now loaded: 0)
System memory in use before: 74.0 MB.
System memory in use after: 74.1 MB.

Unloading 4 unused Assets to reduce memory usage. Loaded Objects now: 1647.
Total: 2.507900 ms (FindLiveObjects: 0.320000 ms CreateObjectMapping: 0.086600 ms MarkObjects: 2.061100 ms  DeleteObjects: 0.038400 ms)

========================================================================
Received Prepare
Registering precompiled user dll's ...
Registered in 0.001945 seconds.
Begin MonoManager ReloadAssembly
Native extension for WindowsStandalone target not found
Refreshing native plugins compatible for Editor in 0.38 ms, found 0 plugins.
Preloading 0 native plugins for Editor in 0.00 ms.
Mono: successfully reloaded assembly
- Completed reload, in  1.543 seconds
Platform modules already initialized, skipping
Refreshing native plugins compatible for Editor in 0.54 ms, found 0 plugins.
Preloading 0 native plugins for Editor in 0.00 ms.
Unloading 1132 Unused Serialized files (Serialized files now loaded: 0)
System memory in use before: 74.0 MB.
System memory in use after: 74.1 MB.

Unloading 4 unused Assets to reduce memory usage. Loaded Objects now: 1650.
Total: 4.348500 ms (FindLiveObjects: 0.914200 ms CreateObjectMapping: 0.373800 ms MarkObjects: 3.036300 ms  DeleteObjects: 0.022000 ms)

========================================================================
Received Prepare
Registering precompiled user dll's ...
Registered in 0.001975 seconds.
Begin MonoManager ReloadAssembly
Native extension for WindowsStandalone target not found
Refreshing native plugins compatible for Editor in 0.39 ms, found 0 plugins.
Preloading 0 native plugins for Editor in 0.00 ms.
Mono: successfully reloaded assembly
- Completed reload, in  1.487 seconds
Platform modules already initialized, skipping
Refreshing native plugins compatible for Editor in 0.37 ms, found 0 plugins.
Preloading 0 native plugins for Editor in 0.00 ms.
Unloading 1132 Unused Serialized files (Serialized files now loaded: 0)
System memory in use before: 74.0 MB.
System memory in use after: 74.1 MB.

Unloading 4 unused Assets to reduce memory usage. Loaded Objects now: 1653.
Total: 3.244700 ms (FindLiveObjects: 0.340000 ms CreateObjectMapping: 0.116200 ms MarkObjects: 2.760500 ms  DeleteObjects: 0.024800 ms)

========================================================================
Received Import Request.
  Time since last request: 5235.004288 seconds.
  path: Assets/Scripts/Enemy Scripts/EnemyAnimator.cs
  artifactKey: Guid(db2ad94c82668674eb53b760db0e8851) Importer(815301076,1909f56bfc062723c751e8b465ee728b)
Start importing Assets/Scripts/Enemy Scripts/EnemyAnimator.cs using Guid(db2ad94c82668674eb53b760db0e8851) Importer(815301076,1909f56bfc062723c751e8b465ee728b)  -> (artifact id: '71b4cfda8072cea87fa1ce14162555f2') in 0.188559 seconds
  Import took 0.244699 seconds .

========================================================================
Received Import Request.
  Time since last request: 14.845599 seconds.
  path: Assets/Player.prefab
  artifactKey: Guid(ef3b94dc4ee30f84fbccc9f8306c70e1) Importer(815301076,1909f56bfc062723c751e8b465ee728b)
Start importing Assets/Player.prefab using Guid(ef3b94dc4ee30f84fbccc9f8306c70e1) Importer(815301076,1909f56bfc062723c751e8b465ee728b)  -> (artifact id: 'dceb6262abe223f2d5463af52638ff5e') in 1.092630 seconds
  Import took 1.134899 seconds .

========================================================================
Received Import Request.
  Time since last request: 0.000351 seconds.
  path: Assets/Zolrik.prefab
  artifactKey: Guid(72c1ae6471bdffa47b9a9b839eef9dc1) Importer(815301076,1909f56bfc062723c751e8b465ee728b)
Start importing Assets/Zolrik.prefab using Guid(72c1ae6471bdffa47b9a9b839eef9dc1) Importer(815301076,1909f56bfc062723c751e8b465ee728b)  -> (artifact id: '9601a2cad80960fdb873df105fb3d4b0') in 0.812876 seconds
  Import took 0.837256 seconds .

========================================================================
Received Prepare
Registering precompiled user dll's ...
Registered in 0.001550 seconds.
Begin MonoManager ReloadAssembly
Native extension for WindowsStandalone target not found
Refreshing native plugins compatible for Editor in 0.40 ms, found 0 plugins.
Preloading 0 native plugins for Editor in 0.00 ms.
Mono: successfully reloaded assembly
- Completed reload, in  1.510 seconds
Platform modules already initialized, skipping
Refreshing native plugins compatible for Editor in 0.36 ms, found 0 plugins.
Preloading 0 native plugins for Editor in 0.00 ms.
Unloading 1132 Unused Serialized files (Serialized files now loaded: 0)
System memory in use before: 87.7 MB.
System memory in use after: 87.8 MB.

Unloading 4 unused Assets to reduce memory usage. Loaded Objects now: 1658.
Total: 4.123400 ms (FindLiveObjects: 0.352600 ms CreateObjectMapping: 0.086500 ms MarkObjects: 3.658300 ms  DeleteObjects: 0.024100 ms)

========================================================================
Received Prepare
Registering precompiled user dll's ...
Registered in 0.001482 seconds.
Begin MonoManager ReloadAssembly
Native extension for WindowsStandalone target not found
Refreshing native plugins compatible for Editor in 1.24 ms, found 0 plugins.
Preloading 0 native plugins for Editor in 0.00 ms.
Mono: successfully reloaded assembly
- Completed reload, in  1.481 seconds
Platform modules already initialized, skipping
Refreshing native plugins compatible for Editor in 1.53 ms, found 0 plugins.
Preloading 0 native plugins for Editor in 0.00 ms.
Unloading 1132 Unused Serialized files (Serialized files now loaded: 0)
System memory in use before: 87.7 MB.
System memory in use after: 87.8 MB.

Unloading 4 unused Assets to reduce memory usage. Loaded Objects now: 1661.
Total: 3.344400 ms (FindLiveObjects: 0.405400 ms CreateObjectMapping: 0.100300 ms MarkObjects: 2.812500 ms  DeleteObjects: 0.024400 ms)

========================================================================
Received Prepare
Registering precompiled user dll's ...
Registered in 0.001276 seconds.
Begin MonoManager ReloadAssembly
Native extension for WindowsStandalone target not found
Refreshing native plugins compatible for Editor in 0.39 ms, found 0 plugins.
Preloading 0 native plugins for Editor in 0.00 ms.
Mono: successfully reloaded assembly
- Completed reload, in  1.533 seconds
Platform modules already initialized, skipping
Refreshing native plugins compatible for Editor in 0.38 ms, found 0 plugins.
Preloading 0 native plugins for Editor in 0.00 ms.
Unloading 1132 Unused Serialized files (Serialized files now loaded: 0)
System memory in use before: 87.7 MB.
System memory in use after: 87.8 MB.

Unloading 4 unused Assets to reduce memory usage. Loaded Objects now: 1664.
Total: 2.716700 ms (FindLiveObjects: 0.324600 ms CreateObjectMapping: 0.080700 ms MarkObjects: 2.283700 ms  DeleteObjects: 0.025900 ms)

========================================================================
Received Prepare
Registering precompiled user dll's ...
Registered in 0.001603 seconds.
Begin MonoManager ReloadAssembly
Native extension for WindowsStandalone target not found
Refreshing native plugins compatible for Editor in 0.39 ms, found 0 plugins.
Preloading 0 native plugins for Editor in 0.00 ms.
Mono: successfully reloaded assembly
- Completed reload, in  1.463 seconds
Platform modules already initialized, skipping
Refreshing native plugins compatible for Editor in 0.37 ms, found 0 plugins.
Preloading 0 native plugins for Editor in 0.00 ms.
Unloading 1132 Unused Serialized files (Serialized files now loaded: 0)
System memory in use before: 87.7 MB.
System memory in use after: 87.8 MB.

Unloading 4 unused Assets to reduce memory usage. Loaded Objects now: 1667.
Total: 3.158000 ms (FindLiveObjects: 0.453500 ms CreateObjectMapping: 0.100400 ms MarkObjects: 2.578500 ms  DeleteObjects: 0.023700 ms)

========================================================================
Received Prepare
Refreshing native plugins compatible for Editor in 1.26 ms, found 0 plugins.
Preloading 0 native plugins for Editor in 0.00 ms.
Unloading 3 Unused Serialized files (Serialized files now loaded: 0)
System memory in use before: 65.3 MB.
System memory in use after: 65.4 MB.

Unloading 2 unused Assets to reduce memory usage. Loaded Objects now: 1667.
Total: 3.220600 ms (FindLiveObjects: 0.426300 ms CreateObjectMapping: 0.078500 ms MarkObjects: 2.695900 ms  DeleteObjects: 0.018000 ms)

========================================================================
Received Prepare
Registering precompiled user dll's ...
Registered in 0.001336 seconds.
Begin MonoManager ReloadAssembly
Native extension for WindowsStandalone target not found
Refreshing native plugins compatible for Editor in 0.51 ms, found 0 plugins.
Preloading 0 native plugins for Editor in 0.00 ms.
Mono: successfully reloaded assembly
- Completed reload, in  1.865 seconds
Platform modules already initialized, skipping
Refreshing native plugins compatible for Editor in 0.50 ms, found 0 plugins.
Preloading 0 native plugins for Editor in 0.00 ms.
Unloading 1132 Unused Serialized files (Serialized files now loaded: 0)
System memory in use before: 87.7 MB.
System memory in use after: 87.8 MB.

Unloading 4 unused Assets to reduce memory usage. Loaded Objects now: 1670.
Total: 4.665700 ms (FindLiveObjects: 0.453300 ms CreateObjectMapping: 0.107600 ms MarkObjects: 4.004100 ms  DeleteObjects: 0.097500 ms)

========================================================================
Received Prepare
Refreshing native plugins compatible for Editor in 1.31 ms, found 0 plugins.
Preloading 0 native plugins for Editor in 0.00 ms.
Unloading 3 Unused Serialized files (Serialized files now loaded: 0)
System memory in use before: 65.3 MB.
System memory in use after: 65.4 MB.

Unloading 2 unused Assets to reduce memory usage. Loaded Objects now: 1670.
Total: 2.534900 ms (FindLiveObjects: 0.332700 ms CreateObjectMapping: 0.089400 ms MarkObjects: 2.094100 ms  DeleteObjects: 0.017200 ms)

AssetImportWorkerClient::OnTransportError - code=2 error=End of file
